<?xml version="1.0" encoding="utf-8"?><testsuites name="pytest tests"><testsuite name="pytest" errors="0" failures="0" skipped="0" tests="14" time="3.740" timestamp="2026-06-29T17:59:00.012064+00:00" hostname="agent-env-4e158ff3-5391-48e2-98db-5d8172f1405c"><testcase classname="tests.test_backend.TestAuth" name="test_root" time="0.134" /><testcase classname="tests.test_backend.TestAuth" name="test_login_success_sets_cookie" time="0.327" /><testcase classname="tests.test_backend.TestAuth" name="test_login_invalid_password" time="0.324" /><testcase classname="tests.test_backend.TestAuth" name="test_register_duplicate_email" time="0.106" /><testcase classname="tests.test_backend.TestAuth" name="test_register_new_user" time="0.390" /><testcase classname="tests.test_backend.TestAuth" name="test_me_without_cookie_returns_401" time="0.105" /><testcase classname="tests.test_backend.TestAuth" name="test_metrics_without_cookie_returns_401" time="0.099" /><testcase classname="tests.test_backend.TestAuth" name="test_logout_clears_cookie" time="0.792" /><testcase classname="tests.test_backend.TestOnboarding" name="test_status_for_admin" time="0.050" /><testcase classname="tests.test_backend.TestOnboarding" name="test_submit_with_fake_creds_does_not_crash" time="1.020" /><testcase classname="tests.test_backend.TestOnboarding" name="test_status_after_submit" time="0.050" /><testcase classname="tests.test_backend.TestDashboardData" name="test_metrics_returns_5_cards" time="0.059" /><testcase classname="tests.test_backend.TestDashboardData" name="test_activity" time="0.053" /><testcase classname="tests.test_backend.TestDashboardData" name="test_notifications" time="0.150" /></testsuite></testsuites>